#
# A fatal error has been detected by the Java Runtime Environment:
#
#  Internal Error (t:/workspace/open/src/hotspot/share/runtime/signature.cpp:54), pid=4768, tid=6392
#  fatal error: expecting (
#
# JRE version: Java(TM) SE Runtime Environment (13.0.1+9) (build 13.0.1+9)
# Java VM: Java HotSpot(TM) 64-Bit Server VM (13.0.1+9, mixed mode, sharing, tiered, compressed oops, g1 gc, windows-amd64)
# No core dump will be written. Minidumps are not enabled by default on client versions of Windows
#
# If you would like to submit a bug report, please visit:
#   http://bugreport.java.com/bugreport/crash.jsp
#

---------------  S U M M A R Y ------------

Command Line: -agentlib:jdwp=transport=dt_socket,suspend=y,address=localhost:64567 -javaagent:C:\Users\hp\eclipse\java-2019-122\eclipse\configuration\org.eclipse.osgi\226\0\.cp\lib\javaagent-shaded.jar -Dfile.encoding=Cp1252 L3_feb2.pattern

Host: Intel(R) Core(TM) i3-3110M CPU @ 2.40GHz, 4 cores, 3G,  Windows 8 , 64 bit Build 9200 (6.2.9200.16859)
Time: Sat Feb  8 18:24:22 2020 India Standard Time elapsed time: 4689 seconds (0d 1h 18m 9s)

---------------  T H R E A D  ---------------

Current thread (0x000000743fcff800):  JavaThread "JDWP Transport Listener: dt_socket" daemon [_thread_in_vm, id=6392, stack(0x0000007440190000,0x0000007440290000)] _threads_hazard_ptr=0x000000743fdb3540

Stack: [0x0000007440190000,0x0000007440290000]
Native frames: (J=compiled Java code, j=interpreted, Vv=VM code, C=native code)
V  [jvm.dll+0x626eca]
V  [jvm.dll+0x772c6a]
V  [jvm.dll+0x77441f]
V  [jvm.dll+0x7749d7]
V  [jvm.dll+0x24d804]
V  [jvm.dll+0x6a9b7b]
V  [jvm.dll+0x331b03]
V  [jvm.dll+0x3337f5]
V  [jvm.dll+0x3340ee]
V  [jvm.dll+0x33195c]
V  [jvm.dll+0x330b92]
V  [jvm.dll+0x6160a5]
V  [jvm.dll+0x615e2d]
V  [jvm.dll+0x5df993]
V  [jvm.dll+0x76a37f]
V  [jvm.dll+0x4f8226]
V  [jvm.dll+0x77963d]
V  [jvm.dll+0x4de13b]
V  [jvm.dll+0x4a2ee0]
C  [jdwp.dll+0x7e65]


---------------  P R O C E S S  ---------------

Threads class SMR info:
_java_thread_list=0x000000743fdb3540, length=13, elements={
0x0000007422371000, 0x000000743e94c000, 0x000000743e958000, 0x000000743e96b800,
0x000000743e970800, 0x000000743e972000, 0x000000743e980800, 0x000000743e983000,
0x000000742240e000, 0x000000743fcff800, 0x000000743fc9f000, 0x000000743fca0000,
0x000000743fdf4000
}

Java Threads: ( => current thread )
  0x0000007422371000 JavaThread "main" [_thread_blocked, id=7676, stack(0x0000007421a20000,0x0000007421b20000)]
  0x000000743e94c000 JavaThread "Reference Handler" daemon [_thread_blocked, id=8584, stack(0x000000743f2e0000,0x000000743f3e0000)]
  0x000000743e958000 JavaThread "Finalizer" daemon [_thread_blocked, id=9752, stack(0x000000743f3e0000,0x000000743f4e0000)]
  0x000000743e96b800 JavaThread "Signal Dispatcher" daemon [_thread_blocked, id=4244, stack(0x000000743f690000,0x000000743f790000)]
  0x000000743e970800 JavaThread "Attach Listener" daemon [_thread_blocked, id=6928, stack(0x000000743f790000,0x000000743f890000)]
  0x000000743e972000 JavaThread "C2 CompilerThread0" daemon [_thread_blocked, id=9812, stack(0x000000743f890000,0x000000743f990000)]
  0x000000743e980800 JavaThread "C1 CompilerThread0" daemon [_thread_blocked, id=4664, stack(0x000000743f990000,0x000000743fa90000)]
  0x000000743e983000 JavaThread "Sweeper thread" daemon [_thread_blocked, id=2884, stack(0x000000743fa90000,0x000000743fb90000)]
  0x000000742240e000 JavaThread "Common-Cleaner" daemon [_thread_blocked, id=7760, stack(0x000000743ff90000,0x0000007440090000)]
=>0x000000743fcff800 JavaThread "JDWP Transport Listener: dt_socket" daemon [_thread_in_vm, id=6392, stack(0x0000007440190000,0x0000007440290000)] _threads_hazard_ptr=0x000000743fdb3540
  0x000000743fc9f000 JavaThread "JDWP Event Helper Thread" daemon [_thread_blocked, id=4228, stack(0x0000007440290000,0x0000007440390000)]
  0x000000743fca0000 JavaThread "JDWP Command Reader" daemon [_thread_in_native, id=2824, stack(0x0000007440390000,0x0000007440490000)]
  0x000000743fdf4000 JavaThread "Service Thread" daemon [_thread_blocked, id=10004, stack(0x0000007440490000,0x0000007440590000)]

Other Threads:
  0x000000743e946800 VMThread "VM Thread" [stack: 0x000000743f1e0000,0x000000743f2e0000] [id=8236]
  0x000000743fdd5000 WatcherThread [stack: 0x0000007440590000,0x0000007440690000] [id=6184]
  0x000000742239f800 GCTaskThread "GC Thread#0" [stack: 0x000000743bea0000,0x000000743bfa0000] [id=3056]
  0x00000074223aa000 ConcurrentGCThread "G1 Main Marker" [stack: 0x000000743bfa0000,0x000000743c0a0000] [id=60]
  0x00000074223ac000 ConcurrentGCThread "G1 Conc#0" [stack: 0x000000743c0a0000,0x000000743c1a0000] [id=1320]
  0x0000007422403800 ConcurrentGCThread "G1 Refine#0" [stack: 0x000000743e5e0000,0x000000743e6e0000] [id=5916]
  0x0000007422405800 ConcurrentGCThread "G1 Young RemSet Sampling" [stack: 0x000000743e6e0000,0x000000743e7e0000] [id=1328]

Threads with active compile tasks:

VM state:not at safepoint (normal execution)

VM Mutex/Monitor currently owned by a thread: None

Heap address: 0x00000000c1a00000, size: 998 MB, Compressed Oops mode: 32-bit
Narrow klass base: 0x0000000800000000, Narrow klass shift: 3
Compressed class space size: 1073741824 Address: 0x0000000800b40000

Heap:
 garbage-first heap   total 65536K, used 4096K [0x00000000c1a00000, 0x0000000100000000)
  region size 1024K, 6 young (6144K), 0 survivors (0K)
 Metaspace       used 2996K, capacity 4971K, committed 5120K, reserved 1056768K
  class space    used 289K, capacity 463K, committed 512K, reserved 1048576K
Heap Regions: E=young(eden), S=young(survivor), O=old, HS=humongous(starts), HC=humongous(continues), CS=collection set, F=free, A=archive, TAMS=top-at-mark-start (previous, next)
|   0|0x00000000c1a00000, 0x00000000c1a00000, 0x00000000c1b00000|  0%| F|  |TAMS 0x00000000c1a00000, 0x00000000c1a00000| Untracked 
|   1|0x00000000c1b00000, 0x00000000c1b00000, 0x00000000c1c00000|  0%| F|  |TAMS 0x00000000c1b00000, 0x00000000c1b00000| Untracked 
|   2|0x00000000c1c00000, 0x00000000c1c00000, 0x00000000c1d00000|  0%| F|  |TAMS 0x00000000c1c00000, 0x00000000c1c00000| Untracked 
|   3|0x00000000c1d00000, 0x00000000c1d00000, 0x00000000c1e00000|  0%| F|  |TAMS 0x00000000c1d00000, 0x00000000c1d00000| Untracked 
|   4|0x00000000c1e00000, 0x00000000c1e00000, 0x00000000c1f00000|  0%| F|  |TAMS 0x00000000c1e00000, 0x00000000c1e00000| Untracked 
|   5|0x00000000c1f00000, 0x00000000c1f00000, 0x00000000c2000000|  0%| F|  |TAMS 0x00000000c1f00000, 0x00000000c1f00000| Untracked 
|   6|0x00000000c2000000, 0x00000000c2000000, 0x00000000c2100000|  0%| F|  |TAMS 0x00000000c2000000, 0x00000000c2000000| Untracked 
|   7|0x00000000c2100000, 0x00000000c2100000, 0x00000000c2200000|  0%| F|  |TAMS 0x00000000c2100000, 0x00000000c2100000| Untracked 
|   8|0x00000000c2200000, 0x00000000c2200000, 0x00000000c2300000|  0%| F|  |TAMS 0x00000000c2200000, 0x00000000c2200000| Untracked 
|   9|0x00000000c2300000, 0x00000000c2300000, 0x00000000c2400000|  0%| F|  |TAMS 0x00000000c2300000, 0x00000000c2300000| Untracked 
|  10|0x00000000c2400000, 0x00000000c2400000, 0x00000000c2500000|  0%| F|  |TAMS 0x00000000c2400000, 0x00000000c2400000| Untracked 
|  11|0x00000000c2500000, 0x00000000c2500000, 0x00000000c2600000|  0%| F|  |TAMS 0x00000000c2500000, 0x00000000c2500000| Untracked 
|  12|0x00000000c2600000, 0x00000000c2600000, 0x00000000c2700000|  0%| F|  |TAMS 0x00000000c2600000, 0x00000000c2600000| Untracked 
|  13|0x00000000c2700000, 0x00000000c2700000, 0x00000000c2800000|  0%| F|  |TAMS 0x00000000c2700000, 0x00000000c2700000| Untracked 
|  14|0x00000000c2800000, 0x00000000c2800000, 0x00000000c2900000|  0%| F|  |TAMS 0x00000000c2800000, 0x00000000c2800000| Untracked 
|  15|0x00000000c2900000, 0x00000000c2900000, 0x00000000c2a00000|  0%| F|  |TAMS 0x00000000c2900000, 0x00000000c2900000| Untracked 
|  16|0x00000000c2a00000, 0x00000000c2a00000, 0x00000000c2b00000|  0%| F|  |TAMS 0x00000000c2a00000, 0x00000000c2a00000| Untracked 
|  17|0x00000000c2b00000, 0x00000000c2b00000, 0x00000000c2c00000|  0%| F|  |TAMS 0x00000000c2b00000, 0x00000000c2b00000| Untracked 
|  18|0x00000000c2c00000, 0x00000000c2c00000, 0x00000000c2d00000|  0%| F|  |TAMS 0x00000000c2c00000, 0x00000000c2c00000| Untracked 
|  19|0x00000000c2d00000, 0x00000000c2d00000, 0x00000000c2e00000|  0%| F|  |TAMS 0x00000000c2d00000, 0x00000000c2d00000| Untracked 
|  20|0x00000000c2e00000, 0x00000000c2e00000, 0x00000000c2f00000|  0%| F|  |TAMS 0x00000000c2e00000, 0x00000000c2e00000| Untracked 
|  21|0x00000000c2f00000, 0x00000000c2f00000, 0x00000000c3000000|  0%| F|  |TAMS 0x00000000c2f00000, 0x00000000c2f00000| Untracked 
|  22|0x00000000c3000000, 0x00000000c3000000, 0x00000000c3100000|  0%| F|  |TAMS 0x00000000c3000000, 0x00000000c3000000| Untracked 
|  23|0x00000000c3100000, 0x00000000c3100000, 0x00000000c3200000|  0%| F|  |TAMS 0x00000000c3100000, 0x00000000c3100000| Untracked 
|  24|0x00000000c3200000, 0x00000000c3200000, 0x00000000c3300000|  0%| F|  |TAMS 0x00000000c3200000, 0x00000000c3200000| Untracked 
|  25|0x00000000c3300000, 0x00000000c3300000, 0x00000000c3400000|  0%| F|  |TAMS 0x00000000c3300000, 0x00000000c3300000| Untracked 
|  26|0x00000000c3400000, 0x00000000c3400000, 0x00000000c3500000|  0%| F|  |TAMS 0x00000000c3400000, 0x00000000c3400000| Untracked 
|  27|0x00000000c3500000, 0x00000000c3500000, 0x00000000c3600000|  0%| F|  |TAMS 0x00000000c3500000, 0x00000000c3500000| Untracked 
|  28|0x00000000c3600000, 0x00000000c3600000, 0x00000000c3700000|  0%| F|  |TAMS 0x00000000c3600000, 0x00000000c3600000| Untracked 
|  29|0x00000000c3700000, 0x00000000c3700000, 0x00000000c3800000|  0%| F|  |TAMS 0x00000000c3700000, 0x00000000c3700000| Untracked 
|  30|0x00000000c3800000, 0x00000000c3800000, 0x00000000c3900000|  0%| F|  |TAMS 0x00000000c3800000, 0x00000000c3800000| Untracked 
|  31|0x00000000c3900000, 0x00000000c3900000, 0x00000000c3a00000|  0%| F|  |TAMS 0x00000000c3900000, 0x00000000c3900000| Untracked 
|  32|0x00000000c3a00000, 0x00000000c3a00000, 0x00000000c3b00000|  0%| F|  |TAMS 0x00000000c3a00000, 0x00000000c3a00000| Untracked 
|  33|0x00000000c3b00000, 0x00000000c3b00000, 0x00000000c3c00000|  0%| F|  |TAMS 0x00000000c3b00000, 0x00000000c3b00000| Untracked 
|  34|0x00000000c3c00000, 0x00000000c3c00000, 0x00000000c3d00000|  0%| F|  |TAMS 0x00000000c3c00000, 0x00000000c3c00000| Untracked 
|  35|0x00000000c3d00000, 0x00000000c3d00000, 0x00000000c3e00000|  0%| F|  |TAMS 0x00000000c3d00000, 0x00000000c3d00000| Untracked 
|  36|0x00000000c3e00000, 0x00000000c3e00000, 0x00000000c3f00000|  0%| F|  |TAMS 0x00000000c3e00000, 0x00000000c3e00000| Untracked 
|  37|0x00000000c3f00000, 0x00000000c3f00000, 0x00000000c4000000|  0%| F|  |TAMS 0x00000000c3f00000, 0x00000000c3f00000| Untracked 
|  38|0x00000000c4000000, 0x00000000c4000000, 0x00000000c4100000|  0%| F|  |TAMS 0x00000000c4000000, 0x00000000c4000000| Untracked 
|  39|0x00000000c4100000, 0x00000000c4100000, 0x00000000c4200000|  0%| F|  |TAMS 0x00000000c4100000, 0x00000000c4100000| Untracked 
|  40|0x00000000c4200000, 0x00000000c4200000, 0x00000000c4300000|  0%| F|  |TAMS 0x00000000c4200000, 0x00000000c4200000| Untracked 
|  41|0x00000000c4300000, 0x00000000c4300000, 0x00000000c4400000|  0%| F|  |TAMS 0x00000000c4300000, 0x00000000c4300000| Untracked 
|  42|0x00000000c4400000, 0x00000000c4400000, 0x00000000c4500000|  0%| F|  |TAMS 0x00000000c4400000, 0x00000000c4400000| Untracked 
|  43|0x00000000c4500000, 0x00000000c4500000, 0x00000000c4600000|  0%| F|  |TAMS 0x00000000c4500000, 0x00000000c4500000| Untracked 
|  44|0x00000000c4600000, 0x00000000c4600000, 0x00000000c4700000|  0%| F|  |TAMS 0x00000000c4600000, 0x00000000c4600000| Untracked 
|  45|0x00000000c4700000, 0x00000000c4700000, 0x00000000c4800000|  0%| F|  |TAMS 0x00000000c4700000, 0x00000000c4700000| Untracked 
|  46|0x00000000c4800000, 0x00000000c4800000, 0x00000000c4900000|  0%| F|  |TAMS 0x00000000c4800000, 0x00000000c4800000| Untracked 
|  47|0x00000000c4900000, 0x00000000c4900000, 0x00000000c4a00000|  0%| F|  |TAMS 0x00000000c4900000, 0x00000000c4900000| Untracked 
|  48|0x00000000c4a00000, 0x00000000c4a00000, 0x00000000c4b00000|  0%| F|  |TAMS 0x00000000c4a00000, 0x00000000c4a00000| Untracked 
|  49|0x00000000c4b00000, 0x00000000c4b00000, 0x00000000c4c00000|  0%| F|  |TAMS 0x00000000c4b00000, 0x00000000c4b00000| Untracked 
|  50|0x00000000c4c00000, 0x00000000c4c00000, 0x00000000c4d00000|  0%| F|  |TAMS 0x00000000c4c00000, 0x00000000c4c00000| Untracked 
|  51|0x00000000c4d00000, 0x00000000c4d00000, 0x00000000c4e00000|  0%| F|  |TAMS 0x00000000c4d00000, 0x00000000c4d00000| Untracked 
|  52|0x00000000c4e00000, 0x00000000c4e00000, 0x00000000c4f00000|  0%| F|  |TAMS 0x00000000c4e00000, 0x00000000c4e00000| Untracked 
|  53|0x00000000c4f00000, 0x00000000c4f00000, 0x00000000c5000000|  0%| F|  |TAMS 0x00000000c4f00000, 0x00000000c4f00000| Untracked 
|  54|0x00000000c5000000, 0x00000000c5000000, 0x00000000c5100000|  0%| F|  |TAMS 0x00000000c5000000, 0x00000000c5000000| Untracked 
|  55|0x00000000c5100000, 0x00000000c5100000, 0x00000000c5200000|  0%| F|  |TAMS 0x00000000c5100000, 0x00000000c5100000| Untracked 
|  56|0x00000000c5200000, 0x00000000c5200000, 0x00000000c5300000|  0%| F|  |TAMS 0x00000000c5200000, 0x00000000c5200000| Untracked 
|  57|0x00000000c5300000, 0x00000000c5300000, 0x00000000c5400000|  0%| F|  |TAMS 0x00000000c5300000, 0x00000000c5300000| Untracked 
|  58|0x00000000c5400000, 0x00000000c54de758, 0x00000000c5500000| 86%| E|  |TAMS 0x00000000c5400000, 0x00000000c5400000| Complete 
|  59|0x00000000c5500000, 0x00000000c5600000, 0x00000000c5600000|100%| E|CS|TAMS 0x00000000c5500000, 0x00000000c5500000| Complete 
|  60|0x00000000c5600000, 0x00000000c5700000, 0x00000000c5700000|100%| E|  |TAMS 0x00000000c5600000, 0x00000000c5600000| Complete 
|  61|0x00000000c5700000, 0x00000000c5800000, 0x00000000c5800000|100%| E|CS|TAMS 0x00000000c5700000, 0x00000000c5700000| Complete 
|  62|0x00000000c5800000, 0x00000000c5900000, 0x00000000c5900000|100%| E|CS|TAMS 0x00000000c5800000, 0x00000000c5800000| Complete 
|  63|0x00000000c5900000, 0x00000000c5a00000, 0x00000000c5a00000|100%| E|CS|TAMS 0x00000000c5900000, 0x00000000c5900000| Complete 

Card table byte_map: [0x0000007439b60000,0x0000007439d60000] _byte_map_base: 0x0000007439553000

Marking Bits (Prev, Next): (CMBitMap*) 0x00000074223a0248, (CMBitMap*) 0x00000074223a0288
 Prev Bits: [0x0000007439f60000, 0x000000743aef8000)
 Next Bits: [0x000000743af00000, 0x000000743be98000)

Polling page: 0x0000007420280000

Metaspace:

Usage:
  Non-class:      4.40 MB capacity,     2.64 MB ( 60%) used,     1.75 MB ( 40%) free+waste,     4.81 KB ( <1%) overhead. 
      Class:    463.00 KB capacity,   289.76 KB ( 63%) used,   170.55 KB ( 37%) free+waste,     2.69 KB ( <1%) overhead. 
       Both:      4.85 MB capacity,     2.93 MB ( 60%) used,     1.92 MB ( 40%) free+waste,     7.50 KB ( <1%) overhead. 

Virtual space:
  Non-class space:        8.00 MB reserved,       4.50 MB ( 56%) committed 
      Class space:        1.00 GB reserved,     512.00 KB ( <1%) committed 
             Both:        1.01 GB reserved,       5.00 MB ( <1%) committed 

Chunk freelists:
   Non-Class:  0 bytes
       Class:  0 bytes
        Both:  0 bytes

MaxMetaspaceSize: 17179869184.00 GB
CompressedClassSpaceSize: 1.00 GB

CodeHeap 'non-profiled nmethods': size=120064Kb used=143Kb max_used=143Kb free=119920Kb
 bounds [0x0000007432310000, 0x0000007432580000, 0x0000007439850000]
CodeHeap 'profiled nmethods': size=120000Kb used=738Kb max_used=738Kb free=119261Kb
 bounds [0x000000742ade0000, 0x000000742b050000, 0x0000007432310000]
CodeHeap 'non-nmethods': size=5696Kb used=1218Kb max_used=1231Kb free=4477Kb
 bounds [0x000000742a850000, 0x000000742aac0000, 0x000000742ade0000]
 total_blobs=1241 nmethods=489 adapters=289
 compilation: enabled
              stopped_count=0, restarted_count=0
 full_count=0

Compilation events (20 events):
Event: 2665.284 Thread 0x000000743e980800  480       3       org.eclipse.jdt.launching.internal.org.objectweb.asm.ByteVector::put122 (93 bytes)
Event: 2665.284 Thread 0x000000743e980800 nmethod 480 0x000000742ae93790 code [0x000000742ae93940, 0x000000742ae93c50]
Event: 2825.812 Thread 0x000000743e980800  481       3       org.eclipse.jdt.launching.internal.org.objectweb.asm.ClassReader::readShort (27 bytes)
Event: 2825.813 Thread 0x000000743e980800 nmethod 481 0x000000742ae93e10 code [0x000000742ae93fc0, 0x000000742ae941b8]
Event: 2825.813 Thread 0x000000743e980800  482       3       org.eclipse.jdt.launching.internal.org.objectweb.asm.SymbolTable::addConstantMemberReference (147 bytes)
Event: 2825.815 Thread 0x000000743e980800 nmethod 482 0x000000742ae94290 code [0x000000742ae94520, 0x000000742ae94ef0]
Event: 2825.815 Thread 0x000000743e980800  483       3       org.eclipse.jdt.launching.internal.org.objectweb.asm.SymbolTable::hash (20 bytes)
Event: 2825.818 Thread 0x000000743e980800 nmethod 483 0x000000742ae95510 code [0x000000742ae956e0, 0x000000742ae95910]
Event: 2825.818 Thread 0x000000743e980800  484       3       org.eclipse.jdt.launching.internal.org.objectweb.asm.ClassReader::createLabel (21 bytes)
Event: 2825.819 Thread 0x000000743e980800 nmethod 484 0x000000742ae95a90 code [0x000000742ae95c60, 0x000000742ae961d8]
Event: 2909.303 Thread 0x000000743e980800  485       3       org.eclipse.jdt.launching.internal.org.objectweb.asm.ClassReader::readInt (52 bytes)
Event: 2909.304 Thread 0x000000743e980800 nmethod 485 0x000000742ae96410 code [0x000000742ae965c0, 0x000000742ae96818]
Event: 2909.304 Thread 0x000000743e980800  486       3       org.eclipse.jdt.launching.internal.org.objectweb.asm.ByteVector::put11 (52 bytes)
Event: 2909.304 Thread 0x000000743e980800 nmethod 486 0x000000742ae96990 code [0x000000742ae96b40, 0x000000742ae96dd0]
Event: 2909.305 Thread 0x000000743e980800  487       3       org.eclipse.jdt.launching.internal.org.objectweb.asm.ByteVector::putInt (74 bytes)
Event: 2909.308 Thread 0x000000743e980800 nmethod 487 0x000000742ae96f90 code [0x000000742ae97140, 0x000000742ae97430]
Event: 3737.640 Thread 0x000000743e980800  488       3       org.eclipse.jdt.launching.internal.org.objectweb.asm.MethodWriter::visitMethodInsn (191 bytes)
Event: 3737.641 Thread 0x000000743e980800 nmethod 488 0x000000742ae97610 code [0x000000742ae97860, 0x000000742ae981f0]
Event: 3737.641 Thread 0x000000743e980800  489       3       org.eclipse.jdt.launching.internal.org.objectweb.asm.SymbolTable::addConstantMethodref (24 bytes)
Event: 3737.642 Thread 0x000000743e980800 nmethod 489 0x000000742ae98590 code [0x000000742ae98740, 0x000000742ae98990]

GC Heap History (0 events):
No events

Deoptimization events (20 events):
Event: 0.679 Thread 0x0000007422371000 DEOPT PACKING pc=0x000000742ae53ba1 sp=0x0000007421b189e0
Event: 0.679 Thread 0x0000007422371000 DEOPT UNPACKING pc=0x000000742a89964e sp=0x0000007421b17ea8 mode 0
Event: 0.679 Thread 0x0000007422371000 DEOPT PACKING pc=0x000000742ae53ba1 sp=0x0000007421b189e0
Event: 0.679 Thread 0x0000007422371000 DEOPT UNPACKING pc=0x000000742a89964e sp=0x0000007421b17ea8 mode 0
Event: 0.682 Thread 0x0000007422371000 DEOPT PACKING pc=0x000000742ae53ba1 sp=0x0000007421b1bbe0
Event: 0.682 Thread 0x0000007422371000 DEOPT UNPACKING pc=0x000000742a89964e sp=0x0000007421b1b0a8 mode 0
Event: 0.682 Thread 0x0000007422371000 DEOPT PACKING pc=0x000000742ae53ba1 sp=0x0000007421b1bbe0
Event: 0.682 Thread 0x0000007422371000 DEOPT UNPACKING pc=0x000000742a89964e sp=0x0000007421b1b0a8 mode 0
Event: 0.686 Thread 0x0000007422371000 DEOPT PACKING pc=0x000000742ae53ba1 sp=0x0000007421b18860
Event: 0.686 Thread 0x0000007422371000 DEOPT UNPACKING pc=0x000000742a89964e sp=0x0000007421b17d28 mode 0
Event: 0.688 Thread 0x0000007422371000 DEOPT PACKING pc=0x000000742ae53ba1 sp=0x0000007421b1bb70
Event: 0.688 Thread 0x0000007422371000 DEOPT UNPACKING pc=0x000000742a89964e sp=0x0000007421b1b038 mode 0
Event: 0.756 Thread 0x0000007422371000 Uncommon trap: trap_request=0xffffff45 fr.pc=0x000000743232040c relative=0x000000000000006c
Event: 0.756 Thread 0x0000007422371000 Uncommon trap: reason=unstable_if action=reinterpret pc=0x000000743232040c method=java.lang.String.isLatin1()Z @ 10 c2
Event: 0.756 Thread 0x0000007422371000 DEOPT PACKING pc=0x000000743232040c sp=0x0000007421b1f050
Event: 0.756 Thread 0x0000007422371000 DEOPT UNPACKING pc=0x000000742a89912f sp=0x0000007421b1eff0 mode 2
Event: 0.756 Thread 0x0000007422371000 Uncommon trap: trap_request=0xffffff45 fr.pc=0x00000074323272e4 relative=0x0000000000000044
Event: 0.756 Thread 0x0000007422371000 Uncommon trap: reason=unstable_if action=reinterpret pc=0x00000074323272e4 method=java.lang.CharacterData.of(I)Ljava/lang/CharacterData; @ 4 c2
Event: 0.756 Thread 0x0000007422371000 DEOPT PACKING pc=0x00000074323272e4 sp=0x0000007421b1eb80
Event: 0.756 Thread 0x0000007422371000 DEOPT UNPACKING pc=0x000000742a89912f sp=0x0000007421b1eb20 mode 2

Classes unloaded (0 events):
No events

Classes redefined (19 events):
Event: 280.281 Thread 0x000000743e946800 redefined class name=L3_feb2.pattern, count=1
Event: 293.854 Thread 0x000000743e946800 redefined class name=L3_feb2.pattern, count=2
Event: 338.311 Thread 0x000000743e946800 redefined class name=L3_feb2.pattern, count=3
Event: 410.823 Thread 0x000000743e946800 redefined class name=L3_feb2.pattern, count=4
Event: 448.931 Thread 0x000000743e946800 redefined class name=L3_feb2.pattern, count=5
Event: 2271.966 Thread 0x000000743e946800 redefined class name=L3_feb2.pattern, count=6
Event: 2281.713 Thread 0x000000743e946800 redefined class name=L3_feb2.pattern, count=7
Event: 2290.688 Thread 0x000000743e946800 redefined class name=L3_feb2.pattern, count=8
Event: 2607.839 Thread 0x000000743e946800 redefined class name=L3_feb2.pattern, count=9
Event: 2644.340 Thread 0x000000743e946800 redefined class name=L3_feb2.pattern, count=10
Event: 2665.287 Thread 0x000000743e946800 redefined class name=L3_feb2.pattern, count=11
Event: 2779.671 Thread 0x000000743e946800 redefined class name=L3_feb2.pattern, count=12
Event: 2825.816 Thread 0x000000743e946800 redefined class name=L3_feb2.pattern, count=13
Event: 2909.306 Thread 0x000000743e946800 redefined class name=L3_feb2.pattern, count=14
Event: 3559.004 Thread 0x000000743e946800 redefined class name=L3_feb2.pattern, count=15
Event: 3594.788 Thread 0x000000743e946800 redefined class name=L3_feb2.pattern, count=16
Event: 3703.553 Thread 0x000000743e946800 redefined class name=L3_feb2.pattern, count=17
Event: 3737.652 Thread 0x000000743e946800 redefined class name=L3_feb2.pattern, count=18
Event: 4031.227 Thread 0x000000743e946800 redefined class name=L3_feb2.pattern, count=19

Internal exceptions (1 events):
Event: 0.715 Thread 0x0000007422371000 Exception <a 'java/lang/NoSuchMethodError'{0x00000000c5573a28}: 'int java.lang.invoke.DirectMethodHandle$Holder.invokeSpecialIFC(java.lang.Object, java.lang.Object, int)'> (0x00000000c5573a28) 
thrown [t:/workspace/open/src/hotspot/share/interpreter/linkResolver.cpp, line 767]

Events (20 events):
Event: 3737.799 Executing VM operation: GetCurrentContendedMonitor
Event: 3737.799 Executing VM operation: GetCurrentContendedMonitor done
Event: 4031.225 Executing VM operation: RedefineClasses
Event: 4031.229 Executing VM operation: RedefineClasses done
Event: 4031.230 Executing VM operation: GetFrameCount
Event: 4031.230 Executing VM operation: GetFrameCount done
Event: 4031.230 Executing VM operation: GetStackTrace
Event: 4031.230 Executing VM operation: GetStackTrace done
Event: 4031.408 Executing VM operation: GetFrameCount
Event: 4031.408 Executing VM operation: GetFrameCount done
Event: 4031.409 Executing VM operation: GetOwnedMonitorInfo
Event: 4031.409 Executing VM operation: GetOwnedMonitorInfo done
Event: 4031.409 Executing VM operation: GetCurrentContendedMonitor
Event: 4031.409 Executing VM operation: GetCurrentContendedMonitor done
Event: 4685.031 Executing VM operation: ChangeBreakpoints
Event: 4685.047 Executing VM operation: ChangeBreakpoints done
Event: 4688.439 Executing VM operation: GetCurrentContendedMonitor
Event: 4688.439 Executing VM operation: GetCurrentContendedMonitor done
Event: 4688.440 Executing VM operation: GetOwnedMonitorInfo
Event: 4688.440 Executing VM operation: GetOwnedMonitorInfo done


Dynamic libraries:
0x000007f768a70000 - 0x000007f768a7f000 	C:\Program Files\Java\jdk-13.0.1\bin\javaw.exe
0x000007f8710e0000 - 0x000007f87129d000 	C:\Windows\SYSTEM32\ntdll.dll
0x000007f870e50000 - 0x000007f870f87000 	C:\Windows\system32\KERNEL32.DLL
0x000007f85bb50000 - 0x000007f85bb64000 	C:\Program Files\AVAST Software\Avast\aswhook.dll
0x000007f86e0b0000 - 0x000007f86e1a4000 	C:\Windows\system32\KERNELBASE.dll
0x000007f8617f0000 - 0x000007f861808000 	C:\Program Files\Java\jdk-13.0.1\bin\jli.dll
0x000007f86ab50000 - 0x000007f86ab65000 	C:\Program Files\Java\jdk-13.0.1\bin\VCRUNTIME140.dll
0x000007f86a400000 - 0x000007f86a404000 	C:\Program Files\Java\jdk-13.0.1\bin\api-ms-win-crt-stdio-l1-1-0.dll
0x000007f864e00000 - 0x000007f864e04000 	C:\Program Files\Java\jdk-13.0.1\bin\api-ms-win-crt-runtime-l1-1-0.dll
0x000007f864d70000 - 0x000007f864d73000 	C:\Program Files\Java\jdk-13.0.1\bin\api-ms-win-crt-environment-l1-1-0.dll
0x000007f8649d0000 - 0x000007f8649d5000 	C:\Program Files\Java\jdk-13.0.1\bin\api-ms-win-crt-math-l1-1-0.dll
0x000007f863b00000 - 0x000007f863b03000 	C:\Program Files\Java\jdk-13.0.1\bin\api-ms-win-crt-locale-l1-1-0.dll
0x000007f862e20000 - 0x000007f862e23000 	C:\Program Files\Java\jdk-13.0.1\bin\api-ms-win-crt-heap-l1-1-0.dll
0x000007f86e510000 - 0x000007f86e5ee000 	C:\Windows\system32\ADVAPI32.dll
0x000007f86baa0000 - 0x000007f86bd0a000 	C:\Windows\WinSxS\amd64_microsoft.windows.common-controls_6595b64144ccf1df_6.0.9200.17359_none_4188b989718cf1c6\COMCTL32.dll
0x000007f86feb0000 - 0x000007f86fffc000 	C:\Windows\system32\USER32.dll
0x000007f86a8d0000 - 0x000007f86a8d9000 	C:\Windows\SYSTEM32\VERSION.dll
0x000007f862150000 - 0x000007f862153000 	C:\Program Files\Java\jdk-13.0.1\bin\api-ms-win-crt-filesystem-l1-1-0.dll
0x000007f861190000 - 0x000007f861194000 	C:\Program Files\Java\jdk-13.0.1\bin\api-ms-win-crt-string-l1-1-0.dll
0x000007f861180000 - 0x000007f861184000 	C:\Program Files\Java\jdk-13.0.1\bin\api-ms-win-crt-convert-l1-1-0.dll
0x000007f86e5f0000 - 0x000007f86e695000 	C:\Windows\system32\msvcrt.dll
0x000007f86e8b0000 - 0x000007f86e8f8000 	C:\Windows\SYSTEM32\sechost.dll
0x000007f86e900000 - 0x000007f86ea45000 	C:\Windows\system32\RPCRT4.dll
0x000007f870f90000 - 0x000007f8710d1000 	C:\Windows\system32\GDI32.dll
0x000007f85dcd0000 - 0x000007f85ddcc000 	C:\Program Files\Java\jdk-13.0.1\bin\ucrtbase.DLL
0x000007f870730000 - 0x000007f870769000 	C:\Windows\system32\IMM32.DLL
0x000007f870770000 - 0x000007f870885000 	C:\Windows\system32\MSCTF.dll
0x000007f846730000 - 0x000007f8467cb000 	C:\Program Files\Java\jdk-13.0.1\bin\msvcp140.dll
0x000007f860ca0000 - 0x000007f860ca3000 	C:\Program Files\Java\jdk-13.0.1\bin\api-ms-win-crt-time-l1-1-0.dll
0x000007f860c90000 - 0x000007f860c93000 	C:\Program Files\Java\jdk-13.0.1\bin\api-ms-win-crt-utility-l1-1-0.dll
0x000007f83ae00000 - 0x000007f83b966000 	C:\Program Files\Java\jdk-13.0.1\bin\server\jvm.dll
0x000007f86a9e0000 - 0x000007f86a9e9000 	C:\Windows\SYSTEM32\WSOCK32.dll
0x000007f86abf0000 - 0x000007f86ac10000 	C:\Windows\SYSTEM32\WINMM.dll
0x000007f86e4b0000 - 0x000007f86e4b7000 	C:\Windows\system32\PSAPI.DLL
0x000007f870440000 - 0x000007f870498000 	C:\Windows\system32\WS2_32.dll
0x000007f86ab10000 - 0x000007f86ab43000 	C:\Windows\SYSTEM32\WINMMBASE.dll
0x000007f870890000 - 0x000007f870899000 	C:\Windows\system32\NSI.dll
0x000007f86e1d0000 - 0x000007f86e21f000 	C:\Windows\SYSTEM32\cfgmgr32.dll
0x000007f86e020000 - 0x000007f86e042000 	C:\Windows\system32\DEVOBJ.dll
0x000007f865390000 - 0x000007f8653a0000 	C:\Program Files\Java\jdk-13.0.1\bin\verify.dll
0x000007f8678d0000 - 0x000007f867a33000 	C:\Windows\SYSTEM32\DBGHELP.DLL
0x000007f8651a0000 - 0x000007f8651c6000 	C:\Program Files\Java\jdk-13.0.1\bin\java.dll
0x000007f85f370000 - 0x000007f85f3a8000 	C:\Program Files\Java\jdk-13.0.1\bin\jdwp.dll
0x000007f860c80000 - 0x000007f860c8e000 	C:\Program Files\Java\jdk-13.0.1\bin\instrument.dll
0x000007f864c80000 - 0x000007f864c97000 	C:\Program Files\Java\jdk-13.0.1\bin\zip.dll
0x000007f865350000 - 0x000007f86535a000 	C:\Program Files\Java\jdk-13.0.1\bin\jimage.dll
0x000007f86eb00000 - 0x000007f86fde5000 	C:\Windows\system32\SHELL32.dll
0x000007f870ca0000 - 0x000007f870e50000 	C:\Windows\SYSTEM32\combase.dll
0x000007f86e4c0000 - 0x000007f86e510000 	C:\Windows\system32\SHLWAPI.dll
0x000007f86c700000 - 0x000007f86c796000 	C:\Windows\SYSTEM32\SHCORE.dll
0x000007f86dfe0000 - 0x000007f86dff5000 	C:\Windows\system32\profapi.dll
0x000007f860ab0000 - 0x000007f860abb000 	C:\Program Files\Java\jdk-13.0.1\bin\dt_socket.dll
0x000007f86d7a0000 - 0x000007f86d7fc000 	C:\Windows\system32\mswsock.dll
0x000007f86d5e0000 - 0x000007f86d67c000 	C:\Windows\SYSTEM32\DNSAPI.dll
0x000007f862cd0000 - 0x000007f862cd8000 	C:\Windows\System32\rasadhlp.dll
0x000007f8694c0000 - 0x000007f869521000 	C:\Windows\System32\fwpuclnt.dll
0x000007f8649e0000 - 0x000007f8649f9000 	C:\Program Files\Java\jdk-13.0.1\bin\net.dll
0x000007f867c20000 - 0x000007f867cd1000 	C:\Windows\SYSTEM32\WINHTTP.dll
0x000007f863cb0000 - 0x000007f863cc3000 	C:\Program Files\Java\jdk-13.0.1\bin\nio.dll

dbghelp: loaded successfully - version: 4.0.5 - missing functions: none
symbol engine: initialized successfully - sym options: 0x614 - pdb path: .;C:\Program Files\Java\jdk-13.0.1\bin;C:\Windows\SYSTEM32;C:\Program Files\AVAST Software\Avast;C:\Windows\WinSxS\amd64_microsoft.windows.common-controls_6595b64144ccf1df_6.0.9200.17359_none_4188b989718cf1c6;C:\Program Files\Java\jdk-13.0.1\bin\server

VM Arguments:
jvm_args: -agentlib:jdwp=transport=dt_socket,suspend=y,address=localhost:64567 -javaagent:C:\Users\hp\eclipse\java-2019-122\eclipse\configuration\org.eclipse.osgi\226\0\.cp\lib\javaagent-shaded.jar -Dfile.encoding=Cp1252 
java_command: L3_feb2.pattern
java_class_path (initial): C:\Users\hp\eclipse-workspace\1_feb\bin
Launcher Type: SUN_STANDARD

[Global flags]
     intx CICompilerCount                          = 3                                         {product} {ergonomic}
     uint ConcGCThreads                            = 1                                         {product} {ergonomic}
     uint G1ConcRefinementThreads                  = 4                                         {product} {ergonomic}
   size_t G1HeapRegionSize                         = 1048576                                   {product} {ergonomic}
    uintx GCDrainStackTargetSize                   = 64                                        {product} {ergonomic}
   size_t InitialHeapSize                          = 67108864                                  {product} {ergonomic}
   size_t MarkStackSize                            = 4194304                                   {product} {ergonomic}
   size_t MaxHeapSize                              = 1046478848                                {product} {ergonomic}
   size_t MaxNewSize                               = 627048448                                 {product} {ergonomic}
   size_t MinHeapDeltaBytes                        = 1048576                                   {product} {ergonomic}
   size_t MinHeapSize                              = 8388608                                   {product} {ergonomic}
    uintx NonNMethodCodeHeapSize                   = 5830732                                {pd product} {ergonomic}
    uintx NonProfiledCodeHeapSize                  = 122913754                              {pd product} {ergonomic}
    uintx ProfiledCodeHeapSize                     = 122913754                              {pd product} {ergonomic}
    uintx ReservedCodeCacheSize                    = 251658240                              {pd product} {ergonomic}
     bool SegmentedCodeCache                       = true                                      {product} {ergonomic}
   size_t SoftMaxHeapSize                          = 1046478848                             {manageable} {ergonomic}
     bool UseCompressedClassPointers               = true                                 {lp64_product} {ergonomic}
     bool UseCompressedOops                        = true                                 {lp64_product} {ergonomic}
     bool UseG1GC                                  = true                                      {product} {ergonomic}
     bool UseLargePagesIndividualAllocation        = false                                  {pd product} {ergonomic}

Logging:
Log output configuration:
 #0: stdout all=warning uptime,level,tags
 #1: stderr all=off uptime,level,tags

Environment Variables:
PATH=C:/Program Files/Java/jdk-13.0.1/bin/server;C:/Program Files/Java/jdk-13.0.1/bin;C:\Program Files (x86)\Intel\iCLS Client\;C:\Program Files\Intel\iCLS Client\;C:\Program Files (x86)\AMD APP\bin\x86_64;C:\Windows\system32;C:\Windows;C:\Windows\System32\Wbem;C:\Windows\System32\WindowsPowerShell\v1.0\;C:\Program Files (x86)\Windows Live\Shared;C:\Program Files (x86)\ATI Technologies\ATI.ACE\Core-Static;C:\Program Files\Intel\Intel(R) Management Engine Components\DAL;C:\Program Files\Intel\Intel(R) Management Engine Components\IPT;C:\Program Files (x86)\Intel\Intel(R) Management Engine Components\DAL;C:\Program Files (x86)\Intel\Intel(R) Management Engine Components\IPT;C:\Program Files\Java\jdk-13.0.1\bin;C:\Users\hp\AppData\Local\Programs\Python\Python37\Scripts\;C:\Users\hp\AppData\Local\Programs\Python\Python37\;C:\Users\hp\AppData\Local\Programs\Microsoft VS Code\bin;C:\Users\hp\Desktop;
USERNAME=hp
OS=Windows_NT
PROCESSOR_IDENTIFIER=Intel64 Family 6 Model 58 Stepping 9, GenuineIntel



---------------  S Y S T E M  ---------------

OS: Windows 8 , 64 bit Build 9200 (6.2.9200.16859)

CPU:total 4 (initial active 4) (2 cores per cpu, 2 threads per core) family 6 model 58 stepping 9, cmov, cx8, fxsr, mmx, sse, sse2, sse3, ssse3, sse4.1, sse4.2, popcnt, avx, clmul, erms, ht, tsc, tscinvbit, tscinv

Memory: 4k page, system-wide physical 3988M (1417M free)
TotalPageFile size 8778M (AvailPageFile size 3524M)
current process WorkingSet (physical memory assigned to process): 34M, peak: 41M
current process commit charge ("private bytes"): 144M, peak: 145M

vm_info: Java HotSpot(TM) 64-Bit Server VM (13.0.1+9) for windows-amd64 JRE (13.0.1+9), built on Oct  6 2019 12:37:49 by "mach5one" with unknown MS VC++:1916

END.
